Started GET "/" for 127.0.0.1 at 2022-03-08 18:30:40 -0500
  [1m[35m (1.1ms)[0m  [1m[34mSELECT sqlite_version(*)[0m
Processing by Rails::WelcomeController#index as HTML
  Rendering /home/vincent/.rbenv/versions/3.0.2/lib/ruby/gems/3.0.0/gems/railties-6.1.4.6/lib/rails/templates/rails/welcome/index.html.erb
  Rendered /home/vincent/.rbenv/versions/3.0.2/lib/ruby/gems/3.0.0/gems/railties-6.1.4.6/lib/rails/templates/rails/welcome/index.html.erb (Duration: 6.3ms | Allocations: 595)
Completed 200 OK in 19ms (Views: 9.8ms | ActiveRecord: 0.0ms | Allocations: 4704)


Started GET "/" for 127.0.0.1 at 2022-03-08 18:35:27 -0500
Processing by Rails::WelcomeController#index as HTML
  Rendering /home/vincent/.rbenv/versions/3.0.2/lib/ruby/gems/3.0.0/gems/railties-6.1.4.6/lib/rails/templates/rails/welcome/index.html.erb
  Rendered /home/vincent/.rbenv/versions/3.0.2/lib/ruby/gems/3.0.0/gems/railties-6.1.4.6/lib/rails/templates/rails/welcome/index.html.erb (Duration: 5.2ms | Allocations: 268)
Completed 200 OK in 11ms (Views: 9.9ms | Allocations: 1180)


Started GET "/" for 127.0.0.1 at 2022-03-08 18:39:10 -0500
Processing by HomeController#index as HTML
  Rendering layout layouts/application.html.erb
  Rendering home/index.html.erb within layouts/application
  Rendered home/index.html.erb within layouts/application (Duration: 0.8ms | Allocations: 145)
[Webpacker] Compiling...
[Webpacker] Compiled all packs in /home/vincent/WebApps/team-1/lab-2/RubyRails/public/packs
[Webpacker] Hash: 2034dd941d5476d8645c
Version: webpack 4.46.0
Time: 1614ms
Built at: 03/08/2022 6:39:13 PM
                                     Asset       Size       Chunks                         Chunk Names
    js/application-3dd0dc24d9c39bc09227.js    125 KiB  application  [emitted] [immutable]  application
js/application-3dd0dc24d9c39bc09227.js.map    139 KiB  application  [emitted] [dev]        application
                             manifest.json  364 bytes               [emitted]              
Entrypoint application = js/application-3dd0dc24d9c39bc09227.js js/application-3dd0dc24d9c39bc09227.js.map
[./app/javascript/channels sync recursive _channel\.js$] ./app/javascript/channels sync _channel\.js$ 160 bytes {application} [built]
[./app/javascript/channels/index.js] 211 bytes {application} [built]
[./app/javascript/packs/application.js] 492 bytes {application} [built]
[./node_modules/webpack/buildin/module.js] (webpack)/buildin/module.js 552 bytes {application} [built]
    + 3 hidden modules

  Rendered layout layouts/application.html.erb (Duration: 3343.0ms | Allocations: 14635)
Completed 200 OK in 3347ms (Views: 3346.5ms | Allocations: 16080)


